Performing C SOURCE FILE Test CMAKE_HAVE_LIBC_PTHREAD failed with the following output:
Change Dir: /home/fei/baxter_ros_ws/build/baxter_core_msgs/CMakeFiles/CMakeTmp

Run Build Command(s):/usr/bin/make cmTC_7397c/fast && /usr/bin/make  -f CMakeFiles/cmTC_7397c.dir/build.make CMakeFiles/cmTC_7397c.dir/build
make[1]: Entering directory '/home/fei/baxter_ros_ws/build/baxter_core_msgs/CMakeFiles/CMakeTmp'
Building C object CMakeFiles/cmTC_7397c.dir/src.c.o
/usr/bin/cc   -DCMAKE_HAVE_LIBC_PTHREAD   -o CMakeFiles/cmTC_7397c.dir/src.c.o   -c /home/fei/baxter_ros_ws/build/baxter_core_msgs/CMakeFiles/CMakeTmp/src.c
Linking C executable cmTC_7397c
/usr/local/bin/cmake -E cmake_link_script CMakeFiles/cmTC_7397c.dir/link.txt --verbose=1
/usr/bin/cc  -DCMAKE_HAVE_LIBC_PTHREAD    -rdynamic CMakeFiles/cmTC_7397c.dir/src.c.o  -o cmTC_7397c 
CMakeFiles/cmTC_7397c.dir/src.c.o: In function `main':
src.c:(.text+0x3e): undefined reference to `pthread_create'
src.c:(.text+0x4a): undefined reference to `pthread_detach'
src.c:(.text+0x56): undefined reference to `pthread_cancel'
src.c:(.text+0x67): undefined reference to `pthread_join'
src.c:(.text+0x7b): undefined reference to `pthread_atfork'
collect2: error: ld returned 1 exit status
CMakeFiles/cmTC_7397c.dir/build.make:106: recipe for target 'cmTC_7397c' failed
make[1]: *** [cmTC_7397c] Error 1
make[1]: Leaving directory '/home/fei/baxter_ros_ws/build/baxter_core_msgs/CMakeFiles/CMakeTmp'
Makefile:141: recipe for target 'cmTC_7397c/fast' failed
make: *** [cmTC_7397c/fast] Error 2


Source file was:
#include <pthread.h>

void* test_func(void* data)
{
  return data;
}

int main(void)
{
  pthread_t thread;
  pthread_create(&thread, NULL, test_func, NULL);
  pthread_detach(thread);
  pthread_cancel(thread);
  pthread_join(thread, NULL);
  pthread_atfork(NULL, NULL, NULL);
  pthread_exit(NULL);

  return 0;
}

Determining if the function pthread_create exists in the pthreads failed with the following output:
Change Dir: /home/fei/baxter_ros_ws/build/baxter_core_msgs/CMakeFiles/CMakeTmp

Run Build Command(s):/usr/bin/make cmTC_05540/fast && /usr/bin/make  -f CMakeFiles/cmTC_05540.dir/build.make CMakeFiles/cmTC_05540.dir/build
make[1]: Entering directory '/home/fei/baxter_ros_ws/build/baxter_core_msgs/CMakeFiles/CMakeTmp'
Building C object CMakeFiles/cmTC_05540.dir/CheckFunctionExists.c.o
/usr/bin/cc   -DCHECK_FUNCTION_EXISTS=pthread_create   -o CMakeFiles/cmTC_05540.dir/CheckFunctionExists.c.o   -c /usr/local/share/cmake-3.17/Modules/CheckFunctionExists.c
Linking C executable cmTC_05540
/usr/local/bin/cmake -E cmake_link_script CMakeFiles/cmTC_05540.dir/link.txt --verbose=1
/usr/bin/cc  -DCHECK_FUNCTION_EXISTS=pthread_create    -rdynamic CMakeFiles/cmTC_05540.dir/CheckFunctionExists.c.o  -o cmTC_05540  -lpthreads 
/usr/bin/ld: cannot find -lpthreads
collect2: error: ld returned 1 exit status
CMakeFiles/cmTC_05540.dir/build.make:106: recipe for target 'cmTC_05540' failed
make[1]: *** [cmTC_05540] Error 1
make[1]: Leaving directory '/home/fei/baxter_ros_ws/build/baxter_core_msgs/CMakeFiles/CMakeTmp'
Makefile:141: recipe for target 'cmTC_05540/fast' failed
make: *** [cmTC_05540/fast] Error 2



