Symlinking /home/fei/baxter_ros_ws/devel/include/baxter_core_msgs/CameraSettings.h
Symlinking /home/fei/baxter_ros_ws/devel/include/baxter_core_msgs/URDFConfiguration.h
Symlinking /home/fei/baxter_ros_ws/devel/include/baxter_core_msgs/DigitalIOStates.h
Symlinking /home/fei/baxter_ros_ws/devel/include/baxter_core_msgs/ListCamerasResponse.h
Symlinking /home/fei/baxter_ros_ws/devel/include/baxter_core_msgs/OpenCameraRequest.h
Symlinking /home/fei/baxter_ros_ws/devel/include/baxter_core_msgs/CloseCameraRequest.h
Symlinking /home/fei/baxter_ros_ws/devel/include/baxter_core_msgs/CollisionDetectionState.h
Symlinking /home/fei/baxter_ros_ws/devel/include/baxter_core_msgs/CloseCameraResponse.h
Symlinking /home/fei/baxter_ros_ws/devel/include/baxter_core_msgs/AssemblyStates.h
Symlinking /home/fei/baxter_ros_ws/devel/include/baxter_core_msgs/HeadPanCommand.h
Symlinking /home/fei/baxter_ros_ws/devel/include/baxter_core_msgs/EndEffectorProperties.h
Symlinking /home/fei/baxter_ros_ws/devel/include/baxter_core_msgs/ListCamerasRequest.h
Symlinking /home/fei/baxter_ros_ws/devel/include/baxter_core_msgs/RobustControllerStatus.h
Symlinking /home/fei/baxter_ros_ws/devel/include/baxter_core_msgs/SolvePositionIKRequest.h
Symlinking /home/fei/baxter_ros_ws/devel/include/baxter_core_msgs/CloseCamera.h
Symlinking /home/fei/baxter_ros_ws/devel/include/baxter_core_msgs/JointCommand.h
Symlinking /home/fei/baxter_ros_ws/devel/include/baxter_core_msgs/EndEffectorCommand.h
Symlinking /home/fei/baxter_ros_ws/devel/include/baxter_core_msgs/NavigatorStates.h
Symlinking /home/fei/baxter_ros_ws/devel/include/baxter_core_msgs/NavigatorState.h
Symlinking /home/fei/baxter_ros_ws/devel/include/baxter_core_msgs/OpenCamera.h
Symlinking /home/fei/baxter_ros_ws/devel/include/baxter_core_msgs/SEAJointState.h
Symlinking /home/fei/baxter_ros_ws/devel/include/baxter_core_msgs/CameraControl.h
Symlinking /home/fei/baxter_ros_ws/devel/include/baxter_core_msgs/AnalogIOStates.h
Symlinking /home/fei/baxter_ros_ws/devel/include/baxter_core_msgs/EndEffectorState.h
Symlinking /home/fei/baxter_ros_ws/devel/include/baxter_core_msgs/ListCameras.h
Symlinking /home/fei/baxter_ros_ws/devel/include/baxter_core_msgs/CollisionAvoidanceState.h
Symlinking /home/fei/baxter_ros_ws/devel/include/baxter_core_msgs/OpenCameraResponse.h
Symlinking /home/fei/baxter_ros_ws/devel/include/baxter_core_msgs/HeadState.h
Symlinking /home/fei/baxter_ros_ws/devel/include/baxter_core_msgs/DigitalOutputCommand.h
Symlinking /home/fei/baxter_ros_ws/devel/include/baxter_core_msgs/DigitalIOState.h
Symlinking /home/fei/baxter_ros_ws/devel/include/baxter_core_msgs/AssemblyState.h
Symlinking /home/fei/baxter_ros_ws/devel/include/baxter_core_msgs/AnalogOutputCommand.h
Symlinking /home/fei/baxter_ros_ws/devel/include/baxter_core_msgs/SolvePositionIKResponse.h
Symlinking /home/fei/baxter_ros_ws/devel/include/baxter_core_msgs/EndpointStates.h
Symlinking /home/fei/baxter_ros_ws/devel/include/baxter_core_msgs/EndpointState.h
Symlinking /home/fei/baxter_ros_ws/devel/include/baxter_core_msgs/SolvePositionIK.h
Symlinking /home/fei/baxter_ros_ws/devel/include/baxter_core_msgs/AnalogIOState.h
Symlinking /home/fei/baxter_ros_ws/devel/lib/python3/dist-packages/baxter_core_msgs/__init__.py
Symlinking /home/fei/baxter_ros_ws/devel/lib/python3/dist-packages/baxter_core_msgs/msg/_EndEffectorProperties.py
Symlinking /home/fei/baxter_ros_ws/devel/lib/python3/dist-packages/baxter_core_msgs/msg/_DigitalIOStates.py
Symlinking /home/fei/baxter_ros_ws/devel/lib/python3/dist-packages/baxter_core_msgs/msg/_DigitalOutputCommand.py
Symlinking /home/fei/baxter_ros_ws/devel/lib/python3/dist-packages/baxter_core_msgs/msg/_HeadPanCommand.py
Symlinking /home/fei/baxter_ros_ws/devel/lib/python3/dist-packages/baxter_core_msgs/msg/__init__.py
Symlinking /home/fei/baxter_ros_ws/devel/lib/python3/dist-packages/baxter_core_msgs/msg/_CameraControl.py
Symlinking /home/fei/baxter_ros_ws/devel/lib/python3/dist-packages/baxter_core_msgs/msg/_AnalogOutputCommand.py
Symlinking /home/fei/baxter_ros_ws/devel/lib/python3/dist-packages/baxter_core_msgs/msg/_AssemblyState.py
Symlinking /home/fei/baxter_ros_ws/devel/lib/python3/dist-packages/baxter_core_msgs/msg/_EndpointStates.py
Symlinking /home/fei/baxter_ros_ws/devel/lib/python3/dist-packages/baxter_core_msgs/msg/_RobustControllerStatus.py
Symlinking /home/fei/baxter_ros_ws/devel/lib/python3/dist-packages/baxter_core_msgs/msg/_CameraSettings.py
Symlinking /home/fei/baxter_ros_ws/devel/lib/python3/dist-packages/baxter_core_msgs/msg/_SEAJointState.py
Symlinking /home/fei/baxter_ros_ws/devel/lib/python3/dist-packages/baxter_core_msgs/msg/_DigitalIOState.py
Symlinking /home/fei/baxter_ros_ws/devel/lib/python3/dist-packages/baxter_core_msgs/msg/_CollisionDetectionState.py
Symlinking /home/fei/baxter_ros_ws/devel/lib/python3/dist-packages/baxter_core_msgs/msg/_JointCommand.py
Symlinking /home/fei/baxter_ros_ws/devel/lib/python3/dist-packages/baxter_core_msgs/msg/_AnalogIOState.py
Symlinking /home/fei/baxter_ros_ws/devel/lib/python3/dist-packages/baxter_core_msgs/msg/_EndpointState.py
Symlinking /home/fei/baxter_ros_ws/devel/lib/python3/dist-packages/baxter_core_msgs/msg/_CollisionAvoidanceState.py
Symlinking /home/fei/baxter_ros_ws/devel/lib/python3/dist-packages/baxter_core_msgs/msg/_AnalogIOStates.py
Symlinking /home/fei/baxter_ros_ws/devel/lib/python3/dist-packages/baxter_core_msgs/msg/_EndEffectorState.py
Symlinking /home/fei/baxter_ros_ws/devel/lib/python3/dist-packages/baxter_core_msgs/msg/_HeadState.py
Symlinking /home/fei/baxter_ros_ws/devel/lib/python3/dist-packages/baxter_core_msgs/msg/_NavigatorState.py
Symlinking /home/fei/baxter_ros_ws/devel/lib/python3/dist-packages/baxter_core_msgs/msg/_NavigatorStates.py
Symlinking /home/fei/baxter_ros_ws/devel/lib/python3/dist-packages/baxter_core_msgs/msg/_EndEffectorCommand.py
Symlinking /home/fei/baxter_ros_ws/devel/lib/python3/dist-packages/baxter_core_msgs/msg/_URDFConfiguration.py
Symlinking /home/fei/baxter_ros_ws/devel/lib/python3/dist-packages/baxter_core_msgs/msg/_AssemblyStates.py
Symlinking /home/fei/baxter_ros_ws/devel/lib/python3/dist-packages/baxter_core_msgs/srv/_OpenCamera.py
Symlinking /home/fei/baxter_ros_ws/devel/lib/python3/dist-packages/baxter_core_msgs/srv/__init__.py
Symlinking /home/fei/baxter_ros_ws/devel/lib/python3/dist-packages/baxter_core_msgs/srv/_CloseCamera.py
Symlinking /home/fei/baxter_ros_ws/devel/lib/python3/dist-packages/baxter_core_msgs/srv/_ListCameras.py
Symlinking /home/fei/baxter_ros_ws/devel/lib/python3/dist-packages/baxter_core_msgs/srv/_SolvePositionIK.py
Symlinking /home/fei/baxter_ros_ws/devel/lib/pkgconfig/baxter_core_msgs.pc
Symlinking /home/fei/baxter_ros_ws/devel/share/common-lisp/ros/baxter_core_msgs/msg/CameraSettings.lisp
Symlinking /home/fei/baxter_ros_ws/devel/share/common-lisp/ros/baxter_core_msgs/msg/_package_SEAJointState.lisp
Symlinking /home/fei/baxter_ros_ws/devel/share/common-lisp/ros/baxter_core_msgs/msg/EndEffectorCommand.lisp
Symlinking /home/fei/baxter_ros_ws/devel/share/common-lisp/ros/baxter_core_msgs/msg/_package_CollisionAvoidanceState.lisp
Symlinking /home/fei/baxter_ros_ws/devel/share/common-lisp/ros/baxter_core_msgs/msg/EndpointState.lisp
Symlinking /home/fei/baxter_ros_ws/devel/share/common-lisp/ros/baxter_core_msgs/msg/_package_CameraSettings.lisp
Symlinking /home/fei/baxter_ros_ws/devel/share/common-lisp/ros/baxter_core_msgs/msg/_package_URDFConfiguration.lisp
Symlinking /home/fei/baxter_ros_ws/devel/share/common-lisp/ros/baxter_core_msgs/msg/_package_AssemblyStates.lisp
Symlinking /home/fei/baxter_ros_ws/devel/share/common-lisp/ros/baxter_core_msgs/msg/HeadPanCommand.lisp
Symlinking /home/fei/baxter_ros_ws/devel/share/common-lisp/ros/baxter_core_msgs/msg/baxter_core_msgs-msg.asd
Symlinking /home/fei/baxter_ros_ws/devel/share/common-lisp/ros/baxter_core_msgs/msg/AnalogIOStates.lisp
Symlinking /home/fei/baxter_ros_ws/devel/share/common-lisp/ros/baxter_core_msgs/msg/_package_RobustControllerStatus.lisp
Symlinking /home/fei/baxter_ros_ws/devel/share/common-lisp/ros/baxter_core_msgs/msg/_package.lisp
Symlinking /home/fei/baxter_ros_ws/devel/share/common-lisp/ros/baxter_core_msgs/msg/HeadState.lisp
Symlinking /home/fei/baxter_ros_ws/devel/share/common-lisp/ros/baxter_core_msgs/msg/_package_EndpointState.lisp
Symlinking /home/fei/baxter_ros_ws/devel/share/common-lisp/ros/baxter_core_msgs/msg/_package_DigitalIOState.lisp
Symlinking /home/fei/baxter_ros_ws/devel/share/common-lisp/ros/baxter_core_msgs/msg/_package_NavigatorStates.lisp
Symlinking /home/fei/baxter_ros_ws/devel/share/common-lisp/ros/baxter_core_msgs/msg/_package_EndEffectorState.lisp
Symlinking /home/fei/baxter_ros_ws/devel/share/common-lisp/ros/baxter_core_msgs/msg/EndEffectorState.lisp
Symlinking /home/fei/baxter_ros_ws/devel/share/common-lisp/ros/baxter_core_msgs/msg/CollisionAvoidanceState.lisp
Symlinking /home/fei/baxter_ros_ws/devel/share/common-lisp/ros/baxter_core_msgs/msg/_package_AssemblyState.lisp
Symlinking /home/fei/baxter_ros_ws/devel/share/common-lisp/ros/baxter_core_msgs/msg/_package_EndpointStates.lisp
Symlinking /home/fei/baxter_ros_ws/devel/share/common-lisp/ros/baxter_core_msgs/msg/_package_EndEffectorProperties.lisp
Symlinking /home/fei/baxter_ros_ws/devel/share/common-lisp/ros/baxter_core_msgs/msg/AnalogIOState.lisp
Symlinking /home/fei/baxter_ros_ws/devel/share/common-lisp/ros/baxter_core_msgs/msg/_package_JointCommand.lisp
Symlinking /home/fei/baxter_ros_ws/devel/share/common-lisp/ros/baxter_core_msgs/msg/SEAJointState.lisp
Symlinking /home/fei/baxter_ros_ws/devel/share/common-lisp/ros/baxter_core_msgs/msg/AssemblyState.lisp
Symlinking /home/fei/baxter_ros_ws/devel/share/common-lisp/ros/baxter_core_msgs/msg/EndpointStates.lisp
Symlinking /home/fei/baxter_ros_ws/devel/share/common-lisp/ros/baxter_core_msgs/msg/_package_DigitalIOStates.lisp
Symlinking /home/fei/baxter_ros_ws/devel/share/common-lisp/ros/baxter_core_msgs/msg/_package_NavigatorState.lisp
Symlinking /home/fei/baxter_ros_ws/devel/share/common-lisp/ros/baxter_core_msgs/msg/CollisionDetectionState.lisp
Symlinking /home/fei/baxter_ros_ws/devel/share/common-lisp/ros/baxter_core_msgs/msg/AnalogOutputCommand.lisp
Symlinking /home/fei/baxter_ros_ws/devel/share/common-lisp/ros/baxter_core_msgs/msg/DigitalOutputCommand.lisp
Symlinking /home/fei/baxter_ros_ws/devel/share/common-lisp/ros/baxter_core_msgs/msg/JointCommand.lisp
Symlinking /home/fei/baxter_ros_ws/devel/share/common-lisp/ros/baxter_core_msgs/msg/RobustControllerStatus.lisp
Symlinking /home/fei/baxter_ros_ws/devel/share/common-lisp/ros/baxter_core_msgs/msg/_package_CameraControl.lisp
Symlinking /home/fei/baxter_ros_ws/devel/share/common-lisp/ros/baxter_core_msgs/msg/NavigatorState.lisp
Symlinking /home/fei/baxter_ros_ws/devel/share/common-lisp/ros/baxter_core_msgs/msg/NavigatorStates.lisp
Symlinking /home/fei/baxter_ros_ws/devel/share/common-lisp/ros/baxter_core_msgs/msg/DigitalIOStates.lisp
Symlinking /home/fei/baxter_ros_ws/devel/share/common-lisp/ros/baxter_core_msgs/msg/_package_DigitalOutputCommand.lisp
Symlinking /home/fei/baxter_ros_ws/devel/share/common-lisp/ros/baxter_core_msgs/msg/AssemblyStates.lisp
Symlinking /home/fei/baxter_ros_ws/devel/share/common-lisp/ros/baxter_core_msgs/msg/URDFConfiguration.lisp
Symlinking /home/fei/baxter_ros_ws/devel/share/common-lisp/ros/baxter_core_msgs/msg/EndEffectorProperties.lisp
Symlinking /home/fei/baxter_ros_ws/devel/share/common-lisp/ros/baxter_core_msgs/msg/_package_EndEffectorCommand.lisp
Symlinking /home/fei/baxter_ros_ws/devel/share/common-lisp/ros/baxter_core_msgs/msg/_package_HeadState.lisp
Symlinking /home/fei/baxter_ros_ws/devel/share/common-lisp/ros/baxter_core_msgs/msg/_package_AnalogOutputCommand.lisp
Symlinking /home/fei/baxter_ros_ws/devel/share/common-lisp/ros/baxter_core_msgs/msg/_package_AnalogIOState.lisp
Symlinking /home/fei/baxter_ros_ws/devel/share/common-lisp/ros/baxter_core_msgs/msg/_package_HeadPanCommand.lisp
Symlinking /home/fei/baxter_ros_ws/devel/share/common-lisp/ros/baxter_core_msgs/msg/_package_CollisionDetectionState.lisp
Symlinking /home/fei/baxter_ros_ws/devel/share/common-lisp/ros/baxter_core_msgs/msg/CameraControl.lisp
Symlinking /home/fei/baxter_ros_ws/devel/share/common-lisp/ros/baxter_core_msgs/msg/DigitalIOState.lisp
Symlinking /home/fei/baxter_ros_ws/devel/share/common-lisp/ros/baxter_core_msgs/msg/_package_AnalogIOStates.lisp
Symlinking /home/fei/baxter_ros_ws/devel/share/common-lisp/ros/baxter_core_msgs/srv/_package_SolvePositionIK.lisp
Symlinking /home/fei/baxter_ros_ws/devel/share/common-lisp/ros/baxter_core_msgs/srv/CloseCamera.lisp
Symlinking /home/fei/baxter_ros_ws/devel/share/common-lisp/ros/baxter_core_msgs/srv/_package_CloseCamera.lisp
Symlinking /home/fei/baxter_ros_ws/devel/share/common-lisp/ros/baxter_core_msgs/srv/_package_OpenCamera.lisp
Symlinking /home/fei/baxter_ros_ws/devel/share/common-lisp/ros/baxter_core_msgs/srv/_package.lisp
Symlinking /home/fei/baxter_ros_ws/devel/share/common-lisp/ros/baxter_core_msgs/srv/OpenCamera.lisp
Symlinking /home/fei/baxter_ros_ws/devel/share/common-lisp/ros/baxter_core_msgs/srv/_package_ListCameras.lisp
Symlinking /home/fei/baxter_ros_ws/devel/share/common-lisp/ros/baxter_core_msgs/srv/baxter_core_msgs-srv.asd
Symlinking /home/fei/baxter_ros_ws/devel/share/common-lisp/ros/baxter_core_msgs/srv/SolvePositionIK.lisp
Symlinking /home/fei/baxter_ros_ws/devel/share/common-lisp/ros/baxter_core_msgs/srv/ListCameras.lisp
Symlinking /home/fei/baxter_ros_ws/devel/share/roseus/ros/baxter_core_msgs/manifest.l
Symlinking /home/fei/baxter_ros_ws/devel/share/roseus/ros/baxter_core_msgs/msg/EndEffectorState.l
Symlinking /home/fei/baxter_ros_ws/devel/share/roseus/ros/baxter_core_msgs/msg/CollisionDetectionState.l
Symlinking /home/fei/baxter_ros_ws/devel/share/roseus/ros/baxter_core_msgs/msg/AnalogOutputCommand.l
Symlinking /home/fei/baxter_ros_ws/devel/share/roseus/ros/baxter_core_msgs/msg/DigitalIOState.l
Symlinking /home/fei/baxter_ros_ws/devel/share/roseus/ros/baxter_core_msgs/msg/URDFConfiguration.l
Symlinking /home/fei/baxter_ros_ws/devel/share/roseus/ros/baxter_core_msgs/msg/AnalogIOState.l
Symlinking /home/fei/baxter_ros_ws/devel/share/roseus/ros/baxter_core_msgs/msg/AssemblyState.l
Symlinking /home/fei/baxter_ros_ws/devel/share/roseus/ros/baxter_core_msgs/msg/EndEffectorProperties.l
Symlinking /home/fei/baxter_ros_ws/devel/share/roseus/ros/baxter_core_msgs/msg/EndpointState.l
Symlinking /home/fei/baxter_ros_ws/devel/share/roseus/ros/baxter_core_msgs/msg/AnalogIOStates.l
Symlinking /home/fei/baxter_ros_ws/devel/share/roseus/ros/baxter_core_msgs/msg/DigitalOutputCommand.l
Symlinking /home/fei/baxter_ros_ws/devel/share/roseus/ros/baxter_core_msgs/msg/HeadState.l
Symlinking /home/fei/baxter_ros_ws/devel/share/roseus/ros/baxter_core_msgs/msg/DigitalIOStates.l
Symlinking /home/fei/baxter_ros_ws/devel/share/roseus/ros/baxter_core_msgs/msg/CameraSettings.l
Symlinking /home/fei/baxter_ros_ws/devel/share/roseus/ros/baxter_core_msgs/msg/RobustControllerStatus.l
Symlinking /home/fei/baxter_ros_ws/devel/share/roseus/ros/baxter_core_msgs/msg/HeadPanCommand.l
Symlinking /home/fei/baxter_ros_ws/devel/share/roseus/ros/baxter_core_msgs/msg/SEAJointState.l
Symlinking /home/fei/baxter_ros_ws/devel/share/roseus/ros/baxter_core_msgs/msg/CameraControl.l
Symlinking /home/fei/baxter_ros_ws/devel/share/roseus/ros/baxter_core_msgs/msg/AssemblyStates.l
Symlinking /home/fei/baxter_ros_ws/devel/share/roseus/ros/baxter_core_msgs/msg/CollisionAvoidanceState.l
Symlinking /home/fei/baxter_ros_ws/devel/share/roseus/ros/baxter_core_msgs/msg/EndpointStates.l
Symlinking /home/fei/baxter_ros_ws/devel/share/roseus/ros/baxter_core_msgs/msg/NavigatorStates.l
Symlinking /home/fei/baxter_ros_ws/devel/share/roseus/ros/baxter_core_msgs/msg/JointCommand.l
Symlinking /home/fei/baxter_ros_ws/devel/share/roseus/ros/baxter_core_msgs/msg/EndEffectorCommand.l
Symlinking /home/fei/baxter_ros_ws/devel/share/roseus/ros/baxter_core_msgs/msg/NavigatorState.l
Symlinking /home/fei/baxter_ros_ws/devel/share/roseus/ros/baxter_core_msgs/srv/SolvePositionIK.l
Symlinking /home/fei/baxter_ros_ws/devel/share/roseus/ros/baxter_core_msgs/srv/OpenCamera.l
Symlinking /home/fei/baxter_ros_ws/devel/share/roseus/ros/baxter_core_msgs/srv/ListCameras.l
Symlinking /home/fei/baxter_ros_ws/devel/share/roseus/ros/baxter_core_msgs/srv/CloseCamera.l
Symlinking /home/fei/baxter_ros_ws/devel/share/gennodejs/ros/baxter_core_msgs/_index.js
Symlinking /home/fei/baxter_ros_ws/devel/share/gennodejs/ros/baxter_core_msgs/msg/EndpointState.js
Symlinking /home/fei/baxter_ros_ws/devel/share/gennodejs/ros/baxter_core_msgs/msg/AnalogIOStates.js
Symlinking /home/fei/baxter_ros_ws/devel/share/gennodejs/ros/baxter_core_msgs/msg/NavigatorStates.js
Symlinking /home/fei/baxter_ros_ws/devel/share/gennodejs/ros/baxter_core_msgs/msg/AssemblyStates.js
Symlinking /home/fei/baxter_ros_ws/devel/share/gennodejs/ros/baxter_core_msgs/msg/AnalogOutputCommand.js
Symlinking /home/fei/baxter_ros_ws/devel/share/gennodejs/ros/baxter_core_msgs/msg/AssemblyState.js
Symlinking /home/fei/baxter_ros_ws/devel/share/gennodejs/ros/baxter_core_msgs/msg/RobustControllerStatus.js
Symlinking /home/fei/baxter_ros_ws/devel/share/gennodejs/ros/baxter_core_msgs/msg/DigitalOutputCommand.js
Symlinking /home/fei/baxter_ros_ws/devel/share/gennodejs/ros/baxter_core_msgs/msg/EndpointStates.js
Symlinking /home/fei/baxter_ros_ws/devel/share/gennodejs/ros/baxter_core_msgs/msg/CollisionAvoidanceState.js
Symlinking /home/fei/baxter_ros_ws/devel/share/gennodejs/ros/baxter_core_msgs/msg/EndEffectorCommand.js
Symlinking /home/fei/baxter_ros_ws/devel/share/gennodejs/ros/baxter_core_msgs/msg/EndEffectorProperties.js
Symlinking /home/fei/baxter_ros_ws/devel/share/gennodejs/ros/baxter_core_msgs/msg/SEAJointState.js
Symlinking /home/fei/baxter_ros_ws/devel/share/gennodejs/ros/baxter_core_msgs/msg/EndEffectorState.js
Symlinking /home/fei/baxter_ros_ws/devel/share/gennodejs/ros/baxter_core_msgs/msg/DigitalIOState.js
Symlinking /home/fei/baxter_ros_ws/devel/share/gennodejs/ros/baxter_core_msgs/msg/CameraControl.js
Symlinking /home/fei/baxter_ros_ws/devel/share/gennodejs/ros/baxter_core_msgs/msg/URDFConfiguration.js
Symlinking /home/fei/baxter_ros_ws/devel/share/gennodejs/ros/baxter_core_msgs/msg/HeadPanCommand.js
Symlinking /home/fei/baxter_ros_ws/devel/share/gennodejs/ros/baxter_core_msgs/msg/JointCommand.js
Symlinking /home/fei/baxter_ros_ws/devel/share/gennodejs/ros/baxter_core_msgs/msg/CameraSettings.js
Symlinking /home/fei/baxter_ros_ws/devel/share/gennodejs/ros/baxter_core_msgs/msg/NavigatorState.js
Symlinking /home/fei/baxter_ros_ws/devel/share/gennodejs/ros/baxter_core_msgs/msg/_index.js
Symlinking /home/fei/baxter_ros_ws/devel/share/gennodejs/ros/baxter_core_msgs/msg/HeadState.js
Symlinking /home/fei/baxter_ros_ws/devel/share/gennodejs/ros/baxter_core_msgs/msg/CollisionDetectionState.js
Symlinking /home/fei/baxter_ros_ws/devel/share/gennodejs/ros/baxter_core_msgs/msg/DigitalIOStates.js
Symlinking /home/fei/baxter_ros_ws/devel/share/gennodejs/ros/baxter_core_msgs/msg/AnalogIOState.js
Symlinking /home/fei/baxter_ros_ws/devel/share/gennodejs/ros/baxter_core_msgs/srv/CloseCamera.js
Symlinking /home/fei/baxter_ros_ws/devel/share/gennodejs/ros/baxter_core_msgs/srv/SolvePositionIK.js
Symlinking /home/fei/baxter_ros_ws/devel/share/gennodejs/ros/baxter_core_msgs/srv/OpenCamera.js
Symlinking /home/fei/baxter_ros_ws/devel/share/gennodejs/ros/baxter_core_msgs/srv/ListCameras.js
Symlinking /home/fei/baxter_ros_ws/devel/share/gennodejs/ros/baxter_core_msgs/srv/_index.js
Symlinking /home/fei/baxter_ros_ws/devel/share/baxter_core_msgs/cmake/baxter_core_msgs-msg-paths.cmake
Symlinking /home/fei/baxter_ros_ws/devel/share/baxter_core_msgs/cmake/baxter_core_msgsConfig-version.cmake
Symlinking /home/fei/baxter_ros_ws/devel/share/baxter_core_msgs/cmake/baxter_core_msgsConfig.cmake
Symlinking /home/fei/baxter_ros_ws/devel/share/baxter_core_msgs/cmake/baxter_core_msgs-msg-extras.cmake
