Linked: (/home/fei/baxter_ros_ws/devel/.private/baxter_core_msgs/include/baxter_core_msgs/CameraSettings.h, /home/fei/baxter_ros_ws/devel/include/baxter_core_msgs/CameraSettings.h)
Linked: (/home/fei/baxter_ros_ws/devel/.private/baxter_core_msgs/include/baxter_core_msgs/URDFConfiguration.h, /home/fei/baxter_ros_ws/devel/include/baxter_core_msgs/URDFConfiguration.h)
Linked: (/home/fei/baxter_ros_ws/devel/.private/baxter_core_msgs/include/baxter_core_msgs/DigitalIOStates.h, /home/fei/baxter_ros_ws/devel/include/baxter_core_msgs/DigitalIOStates.h)
Linked: (/home/fei/baxter_ros_ws/devel/.private/baxter_core_msgs/include/baxter_core_msgs/ListCamerasResponse.h, /home/fei/baxter_ros_ws/devel/include/baxter_core_msgs/ListCamerasResponse.h)
Linked: (/home/fei/baxter_ros_ws/devel/.private/baxter_core_msgs/include/baxter_core_msgs/OpenCameraRequest.h, /home/fei/baxter_ros_ws/devel/include/baxter_core_msgs/OpenCameraRequest.h)
Linked: (/home/fei/baxter_ros_ws/devel/.private/baxter_core_msgs/include/baxter_core_msgs/CloseCameraRequest.h, /home/fei/baxter_ros_ws/devel/include/baxter_core_msgs/CloseCameraRequest.h)
Linked: (/home/fei/baxter_ros_ws/devel/.private/baxter_core_msgs/include/baxter_core_msgs/CollisionDetectionState.h, /home/fei/baxter_ros_ws/devel/include/baxter_core_msgs/CollisionDetectionState.h)
Linked: (/home/fei/baxter_ros_ws/devel/.private/baxter_core_msgs/include/baxter_core_msgs/CloseCameraResponse.h, /home/fei/baxter_ros_ws/devel/include/baxter_core_msgs/CloseCameraResponse.h)
Linked: (/home/fei/baxter_ros_ws/devel/.private/baxter_core_msgs/include/baxter_core_msgs/AssemblyStates.h, /home/fei/baxter_ros_ws/devel/include/baxter_core_msgs/AssemblyStates.h)
Linked: (/home/fei/baxter_ros_ws/devel/.private/baxter_core_msgs/include/baxter_core_msgs/HeadPanCommand.h, /home/fei/baxter_ros_ws/devel/include/baxter_core_msgs/HeadPanCommand.h)
Linked: (/home/fei/baxter_ros_ws/devel/.private/baxter_core_msgs/include/baxter_core_msgs/EndEffectorProperties.h, /home/fei/baxter_ros_ws/devel/include/baxter_core_msgs/EndEffectorProperties.h)
Linked: (/home/fei/baxter_ros_ws/devel/.private/baxter_core_msgs/include/baxter_core_msgs/ListCamerasRequest.h, /home/fei/baxter_ros_ws/devel/include/baxter_core_msgs/ListCamerasRequest.h)
Linked: (/home/fei/baxter_ros_ws/devel/.private/baxter_core_msgs/include/baxter_core_msgs/RobustControllerStatus.h, /home/fei/baxter_ros_ws/devel/include/baxter_core_msgs/RobustControllerStatus.h)
Linked: (/home/fei/baxter_ros_ws/devel/.private/baxter_core_msgs/include/baxter_core_msgs/SolvePositionIKRequest.h, /home/fei/baxter_ros_ws/devel/include/baxter_core_msgs/SolvePositionIKRequest.h)
Linked: (/home/fei/baxter_ros_ws/devel/.private/baxter_core_msgs/include/baxter_core_msgs/CloseCamera.h, /home/fei/baxter_ros_ws/devel/include/baxter_core_msgs/CloseCamera.h)
Linked: (/home/fei/baxter_ros_ws/devel/.private/baxter_core_msgs/include/baxter_core_msgs/JointCommand.h, /home/fei/baxter_ros_ws/devel/include/baxter_core_msgs/JointCommand.h)
Linked: (/home/fei/baxter_ros_ws/devel/.private/baxter_core_msgs/include/baxter_core_msgs/EndEffectorCommand.h, /home/fei/baxter_ros_ws/devel/include/baxter_core_msgs/EndEffectorCommand.h)
Linked: (/home/fei/baxter_ros_ws/devel/.private/baxter_core_msgs/include/baxter_core_msgs/NavigatorStates.h, /home/fei/baxter_ros_ws/devel/include/baxter_core_msgs/NavigatorStates.h)
Linked: (/home/fei/baxter_ros_ws/devel/.private/baxter_core_msgs/include/baxter_core_msgs/NavigatorState.h, /home/fei/baxter_ros_ws/devel/include/baxter_core_msgs/NavigatorState.h)
Linked: (/home/fei/baxter_ros_ws/devel/.private/baxter_core_msgs/include/baxter_core_msgs/OpenCamera.h, /home/fei/baxter_ros_ws/devel/include/baxter_core_msgs/OpenCamera.h)
Linked: (/home/fei/baxter_ros_ws/devel/.private/baxter_core_msgs/include/baxter_core_msgs/SEAJointState.h, /home/fei/baxter_ros_ws/devel/include/baxter_core_msgs/SEAJointState.h)
Linked: (/home/fei/baxter_ros_ws/devel/.private/baxter_core_msgs/include/baxter_core_msgs/CameraControl.h, /home/fei/baxter_ros_ws/devel/include/baxter_core_msgs/CameraControl.h)
Linked: (/home/fei/baxter_ros_ws/devel/.private/baxter_core_msgs/include/baxter_core_msgs/AnalogIOStates.h, /home/fei/baxter_ros_ws/devel/include/baxter_core_msgs/AnalogIOStates.h)
Linked: (/home/fei/baxter_ros_ws/devel/.private/baxter_core_msgs/include/baxter_core_msgs/EndEffectorState.h, /home/fei/baxter_ros_ws/devel/include/baxter_core_msgs/EndEffectorState.h)
Linked: (/home/fei/baxter_ros_ws/devel/.private/baxter_core_msgs/include/baxter_core_msgs/ListCameras.h, /home/fei/baxter_ros_ws/devel/include/baxter_core_msgs/ListCameras.h)
Linked: (/home/fei/baxter_ros_ws/devel/.private/baxter_core_msgs/include/baxter_core_msgs/CollisionAvoidanceState.h, /home/fei/baxter_ros_ws/devel/include/baxter_core_msgs/CollisionAvoidanceState.h)
Linked: (/home/fei/baxter_ros_ws/devel/.private/baxter_core_msgs/include/baxter_core_msgs/OpenCameraResponse.h, /home/fei/baxter_ros_ws/devel/include/baxter_core_msgs/OpenCameraResponse.h)
Linked: (/home/fei/baxter_ros_ws/devel/.private/baxter_core_msgs/include/baxter_core_msgs/HeadState.h, /home/fei/baxter_ros_ws/devel/include/baxter_core_msgs/HeadState.h)
Linked: (/home/fei/baxter_ros_ws/devel/.private/baxter_core_msgs/include/baxter_core_msgs/DigitalOutputCommand.h, /home/fei/baxter_ros_ws/devel/include/baxter_core_msgs/DigitalOutputCommand.h)
Linked: (/home/fei/baxter_ros_ws/devel/.private/baxter_core_msgs/include/baxter_core_msgs/DigitalIOState.h, /home/fei/baxter_ros_ws/devel/include/baxter_core_msgs/DigitalIOState.h)
Linked: (/home/fei/baxter_ros_ws/devel/.private/baxter_core_msgs/include/baxter_core_msgs/AssemblyState.h, /home/fei/baxter_ros_ws/devel/include/baxter_core_msgs/AssemblyState.h)
Linked: (/home/fei/baxter_ros_ws/devel/.private/baxter_core_msgs/include/baxter_core_msgs/AnalogOutputCommand.h, /home/fei/baxter_ros_ws/devel/include/baxter_core_msgs/AnalogOutputCommand.h)
Linked: (/home/fei/baxter_ros_ws/devel/.private/baxter_core_msgs/include/baxter_core_msgs/SolvePositionIKResponse.h, /home/fei/baxter_ros_ws/devel/include/baxter_core_msgs/SolvePositionIKResponse.h)
Linked: (/home/fei/baxter_ros_ws/devel/.private/baxter_core_msgs/include/baxter_core_msgs/EndpointStates.h, /home/fei/baxter_ros_ws/devel/include/baxter_core_msgs/EndpointStates.h)
Linked: (/home/fei/baxter_ros_ws/devel/.private/baxter_core_msgs/include/baxter_core_msgs/EndpointState.h, /home/fei/baxter_ros_ws/devel/include/baxter_core_msgs/EndpointState.h)
Linked: (/home/fei/baxter_ros_ws/devel/.private/baxter_core_msgs/include/baxter_core_msgs/SolvePositionIK.h, /home/fei/baxter_ros_ws/devel/include/baxter_core_msgs/SolvePositionIK.h)
Linked: (/home/fei/baxter_ros_ws/devel/.private/baxter_core_msgs/include/baxter_core_msgs/AnalogIOState.h, /home/fei/baxter_ros_ws/devel/include/baxter_core_msgs/AnalogIOState.h)
Linked: (/home/fei/baxter_ros_ws/devel/.private/baxter_core_msgs/lib/python3/dist-packages/baxter_core_msgs/__init__.py, /home/fei/baxter_ros_ws/devel/lib/python3/dist-packages/baxter_core_msgs/__init__.py)
Linked: (/home/fei/baxter_ros_ws/devel/.private/baxter_core_msgs/lib/python3/dist-packages/baxter_core_msgs/msg/_EndEffectorProperties.py, /home/fei/baxter_ros_ws/devel/lib/python3/dist-packages/baxter_core_msgs/msg/_EndEffectorProperties.py)
Linked: (/home/fei/baxter_ros_ws/devel/.private/baxter_core_msgs/lib/python3/dist-packages/baxter_core_msgs/msg/_DigitalIOStates.py, /home/fei/baxter_ros_ws/devel/lib/python3/dist-packages/baxter_core_msgs/msg/_DigitalIOStates.py)
Linked: (/home/fei/baxter_ros_ws/devel/.private/baxter_core_msgs/lib/python3/dist-packages/baxter_core_msgs/msg/_DigitalOutputCommand.py, /home/fei/baxter_ros_ws/devel/lib/python3/dist-packages/baxter_core_msgs/msg/_DigitalOutputCommand.py)
Linked: (/home/fei/baxter_ros_ws/devel/.private/baxter_core_msgs/lib/python3/dist-packages/baxter_core_msgs/msg/_HeadPanCommand.py, /home/fei/baxter_ros_ws/devel/lib/python3/dist-packages/baxter_core_msgs/msg/_HeadPanCommand.py)
Linked: (/home/fei/baxter_ros_ws/devel/.private/baxter_core_msgs/lib/python3/dist-packages/baxter_core_msgs/msg/__init__.py, /home/fei/baxter_ros_ws/devel/lib/python3/dist-packages/baxter_core_msgs/msg/__init__.py)
Linked: (/home/fei/baxter_ros_ws/devel/.private/baxter_core_msgs/lib/python3/dist-packages/baxter_core_msgs/msg/_CameraControl.py, /home/fei/baxter_ros_ws/devel/lib/python3/dist-packages/baxter_core_msgs/msg/_CameraControl.py)
Linked: (/home/fei/baxter_ros_ws/devel/.private/baxter_core_msgs/lib/python3/dist-packages/baxter_core_msgs/msg/_AnalogOutputCommand.py, /home/fei/baxter_ros_ws/devel/lib/python3/dist-packages/baxter_core_msgs/msg/_AnalogOutputCommand.py)
Linked: (/home/fei/baxter_ros_ws/devel/.private/baxter_core_msgs/lib/python3/dist-packages/baxter_core_msgs/msg/_AssemblyState.py, /home/fei/baxter_ros_ws/devel/lib/python3/dist-packages/baxter_core_msgs/msg/_AssemblyState.py)
Linked: (/home/fei/baxter_ros_ws/devel/.private/baxter_core_msgs/lib/python3/dist-packages/baxter_core_msgs/msg/_EndpointStates.py, /home/fei/baxter_ros_ws/devel/lib/python3/dist-packages/baxter_core_msgs/msg/_EndpointStates.py)
Linked: (/home/fei/baxter_ros_ws/devel/.private/baxter_core_msgs/lib/python3/dist-packages/baxter_core_msgs/msg/_RobustControllerStatus.py, /home/fei/baxter_ros_ws/devel/lib/python3/dist-packages/baxter_core_msgs/msg/_RobustControllerStatus.py)
Linked: (/home/fei/baxter_ros_ws/devel/.private/baxter_core_msgs/lib/python3/dist-packages/baxter_core_msgs/msg/_CameraSettings.py, /home/fei/baxter_ros_ws/devel/lib/python3/dist-packages/baxter_core_msgs/msg/_CameraSettings.py)
Linked: (/home/fei/baxter_ros_ws/devel/.private/baxter_core_msgs/lib/python3/dist-packages/baxter_core_msgs/msg/_SEAJointState.py, /home/fei/baxter_ros_ws/devel/lib/python3/dist-packages/baxter_core_msgs/msg/_SEAJointState.py)
Linked: (/home/fei/baxter_ros_ws/devel/.private/baxter_core_msgs/lib/python3/dist-packages/baxter_core_msgs/msg/_DigitalIOState.py, /home/fei/baxter_ros_ws/devel/lib/python3/dist-packages/baxter_core_msgs/msg/_DigitalIOState.py)
Linked: (/home/fei/baxter_ros_ws/devel/.private/baxter_core_msgs/lib/python3/dist-packages/baxter_core_msgs/msg/_CollisionDetectionState.py, /home/fei/baxter_ros_ws/devel/lib/python3/dist-packages/baxter_core_msgs/msg/_CollisionDetectionState.py)
Linked: (/home/fei/baxter_ros_ws/devel/.private/baxter_core_msgs/lib/python3/dist-packages/baxter_core_msgs/msg/_JointCommand.py, /home/fei/baxter_ros_ws/devel/lib/python3/dist-packages/baxter_core_msgs/msg/_JointCommand.py)
Linked: (/home/fei/baxter_ros_ws/devel/.private/baxter_core_msgs/lib/python3/dist-packages/baxter_core_msgs/msg/_AnalogIOState.py, /home/fei/baxter_ros_ws/devel/lib/python3/dist-packages/baxter_core_msgs/msg/_AnalogIOState.py)
Linked: (/home/fei/baxter_ros_ws/devel/.private/baxter_core_msgs/lib/python3/dist-packages/baxter_core_msgs/msg/_EndpointState.py, /home/fei/baxter_ros_ws/devel/lib/python3/dist-packages/baxter_core_msgs/msg/_EndpointState.py)
Linked: (/home/fei/baxter_ros_ws/devel/.private/baxter_core_msgs/lib/python3/dist-packages/baxter_core_msgs/msg/_CollisionAvoidanceState.py, /home/fei/baxter_ros_ws/devel/lib/python3/dist-packages/baxter_core_msgs/msg/_CollisionAvoidanceState.py)
Linked: (/home/fei/baxter_ros_ws/devel/.private/baxter_core_msgs/lib/python3/dist-packages/baxter_core_msgs/msg/_AnalogIOStates.py, /home/fei/baxter_ros_ws/devel/lib/python3/dist-packages/baxter_core_msgs/msg/_AnalogIOStates.py)
Linked: (/home/fei/baxter_ros_ws/devel/.private/baxter_core_msgs/lib/python3/dist-packages/baxter_core_msgs/msg/_EndEffectorState.py, /home/fei/baxter_ros_ws/devel/lib/python3/dist-packages/baxter_core_msgs/msg/_EndEffectorState.py)
Linked: (/home/fei/baxter_ros_ws/devel/.private/baxter_core_msgs/lib/python3/dist-packages/baxter_core_msgs/msg/_HeadState.py, /home/fei/baxter_ros_ws/devel/lib/python3/dist-packages/baxter_core_msgs/msg/_HeadState.py)
Linked: (/home/fei/baxter_ros_ws/devel/.private/baxter_core_msgs/lib/python3/dist-packages/baxter_core_msgs/msg/_NavigatorState.py, /home/fei/baxter_ros_ws/devel/lib/python3/dist-packages/baxter_core_msgs/msg/_NavigatorState.py)
Linked: (/home/fei/baxter_ros_ws/devel/.private/baxter_core_msgs/lib/python3/dist-packages/baxter_core_msgs/msg/_NavigatorStates.py, /home/fei/baxter_ros_ws/devel/lib/python3/dist-packages/baxter_core_msgs/msg/_NavigatorStates.py)
Linked: (/home/fei/baxter_ros_ws/devel/.private/baxter_core_msgs/lib/python3/dist-packages/baxter_core_msgs/msg/_EndEffectorCommand.py, /home/fei/baxter_ros_ws/devel/lib/python3/dist-packages/baxter_core_msgs/msg/_EndEffectorCommand.py)
Linked: (/home/fei/baxter_ros_ws/devel/.private/baxter_core_msgs/lib/python3/dist-packages/baxter_core_msgs/msg/_URDFConfiguration.py, /home/fei/baxter_ros_ws/devel/lib/python3/dist-packages/baxter_core_msgs/msg/_URDFConfiguration.py)
Linked: (/home/fei/baxter_ros_ws/devel/.private/baxter_core_msgs/lib/python3/dist-packages/baxter_core_msgs/msg/_AssemblyStates.py, /home/fei/baxter_ros_ws/devel/lib/python3/dist-packages/baxter_core_msgs/msg/_AssemblyStates.py)
Linked: (/home/fei/baxter_ros_ws/devel/.private/baxter_core_msgs/lib/python3/dist-packages/baxter_core_msgs/srv/_OpenCamera.py, /home/fei/baxter_ros_ws/devel/lib/python3/dist-packages/baxter_core_msgs/srv/_OpenCamera.py)
Linked: (/home/fei/baxter_ros_ws/devel/.private/baxter_core_msgs/lib/python3/dist-packages/baxter_core_msgs/srv/__init__.py, /home/fei/baxter_ros_ws/devel/lib/python3/dist-packages/baxter_core_msgs/srv/__init__.py)
Linked: (/home/fei/baxter_ros_ws/devel/.private/baxter_core_msgs/lib/python3/dist-packages/baxter_core_msgs/srv/_CloseCamera.py, /home/fei/baxter_ros_ws/devel/lib/python3/dist-packages/baxter_core_msgs/srv/_CloseCamera.py)
Linked: (/home/fei/baxter_ros_ws/devel/.private/baxter_core_msgs/lib/python3/dist-packages/baxter_core_msgs/srv/_ListCameras.py, /home/fei/baxter_ros_ws/devel/lib/python3/dist-packages/baxter_core_msgs/srv/_ListCameras.py)
Linked: (/home/fei/baxter_ros_ws/devel/.private/baxter_core_msgs/lib/python3/dist-packages/baxter_core_msgs/srv/_SolvePositionIK.py, /home/fei/baxter_ros_ws/devel/lib/python3/dist-packages/baxter_core_msgs/srv/_SolvePositionIK.py)
Linked: (/home/fei/baxter_ros_ws/devel/.private/baxter_core_msgs/lib/pkgconfig/baxter_core_msgs.pc, /home/fei/baxter_ros_ws/devel/lib/pkgconfig/baxter_core_msgs.pc)
Linked: (/home/fei/baxter_ros_ws/devel/.private/baxter_core_msgs/share/common-lisp/ros/baxter_core_msgs/msg/CameraSettings.lisp, /home/fei/baxter_ros_ws/devel/share/common-lisp/ros/baxter_core_msgs/msg/CameraSettings.lisp)
Linked: (/home/fei/baxter_ros_ws/devel/.private/baxter_core_msgs/share/common-lisp/ros/baxter_core_msgs/msg/_package_SEAJointState.lisp, /home/fei/baxter_ros_ws/devel/share/common-lisp/ros/baxter_core_msgs/msg/_package_SEAJointState.lisp)
Linked: (/home/fei/baxter_ros_ws/devel/.private/baxter_core_msgs/share/common-lisp/ros/baxter_core_msgs/msg/EndEffectorCommand.lisp, /home/fei/baxter_ros_ws/devel/share/common-lisp/ros/baxter_core_msgs/msg/EndEffectorCommand.lisp)
Linked: (/home/fei/baxter_ros_ws/devel/.private/baxter_core_msgs/share/common-lisp/ros/baxter_core_msgs/msg/_package_CollisionAvoidanceState.lisp, /home/fei/baxter_ros_ws/devel/share/common-lisp/ros/baxter_core_msgs/msg/_package_CollisionAvoidanceState.lisp)
Linked: (/home/fei/baxter_ros_ws/devel/.private/baxter_core_msgs/share/common-lisp/ros/baxter_core_msgs/msg/EndpointState.lisp, /home/fei/baxter_ros_ws/devel/share/common-lisp/ros/baxter_core_msgs/msg/EndpointState.lisp)
Linked: (/home/fei/baxter_ros_ws/devel/.private/baxter_core_msgs/share/common-lisp/ros/baxter_core_msgs/msg/_package_CameraSettings.lisp, /home/fei/baxter_ros_ws/devel/share/common-lisp/ros/baxter_core_msgs/msg/_package_CameraSettings.lisp)
Linked: (/home/fei/baxter_ros_ws/devel/.private/baxter_core_msgs/share/common-lisp/ros/baxter_core_msgs/msg/_package_URDFConfiguration.lisp, /home/fei/baxter_ros_ws/devel/share/common-lisp/ros/baxter_core_msgs/msg/_package_URDFConfiguration.lisp)
Linked: (/home/fei/baxter_ros_ws/devel/.private/baxter_core_msgs/share/common-lisp/ros/baxter_core_msgs/msg/_package_AssemblyStates.lisp, /home/fei/baxter_ros_ws/devel/share/common-lisp/ros/baxter_core_msgs/msg/_package_AssemblyStates.lisp)
Linked: (/home/fei/baxter_ros_ws/devel/.private/baxter_core_msgs/share/common-lisp/ros/baxter_core_msgs/msg/HeadPanCommand.lisp, /home/fei/baxter_ros_ws/devel/share/common-lisp/ros/baxter_core_msgs/msg/HeadPanCommand.lisp)
Linked: (/home/fei/baxter_ros_ws/devel/.private/baxter_core_msgs/share/common-lisp/ros/baxter_core_msgs/msg/baxter_core_msgs-msg.asd, /home/fei/baxter_ros_ws/devel/share/common-lisp/ros/baxter_core_msgs/msg/baxter_core_msgs-msg.asd)
Linked: (/home/fei/baxter_ros_ws/devel/.private/baxter_core_msgs/share/common-lisp/ros/baxter_core_msgs/msg/AnalogIOStates.lisp, /home/fei/baxter_ros_ws/devel/share/common-lisp/ros/baxter_core_msgs/msg/AnalogIOStates.lisp)
Linked: (/home/fei/baxter_ros_ws/devel/.private/baxter_core_msgs/share/common-lisp/ros/baxter_core_msgs/msg/_package_RobustControllerStatus.lisp, /home/fei/baxter_ros_ws/devel/share/common-lisp/ros/baxter_core_msgs/msg/_package_RobustControllerStatus.lisp)
Linked: (/home/fei/baxter_ros_ws/devel/.private/baxter_core_msgs/share/common-lisp/ros/baxter_core_msgs/msg/_package.lisp, /home/fei/baxter_ros_ws/devel/share/common-lisp/ros/baxter_core_msgs/msg/_package.lisp)
Linked: (/home/fei/baxter_ros_ws/devel/.private/baxter_core_msgs/share/common-lisp/ros/baxter_core_msgs/msg/HeadState.lisp, /home/fei/baxter_ros_ws/devel/share/common-lisp/ros/baxter_core_msgs/msg/HeadState.lisp)
Linked: (/home/fei/baxter_ros_ws/devel/.private/baxter_core_msgs/share/common-lisp/ros/baxter_core_msgs/msg/_package_EndpointState.lisp, /home/fei/baxter_ros_ws/devel/share/common-lisp/ros/baxter_core_msgs/msg/_package_EndpointState.lisp)
Linked: (/home/fei/baxter_ros_ws/devel/.private/baxter_core_msgs/share/common-lisp/ros/baxter_core_msgs/msg/_package_DigitalIOState.lisp, /home/fei/baxter_ros_ws/devel/share/common-lisp/ros/baxter_core_msgs/msg/_package_DigitalIOState.lisp)
Linked: (/home/fei/baxter_ros_ws/devel/.private/baxter_core_msgs/share/common-lisp/ros/baxter_core_msgs/msg/_package_NavigatorStates.lisp, /home/fei/baxter_ros_ws/devel/share/common-lisp/ros/baxter_core_msgs/msg/_package_NavigatorStates.lisp)
Linked: (/home/fei/baxter_ros_ws/devel/.private/baxter_core_msgs/share/common-lisp/ros/baxter_core_msgs/msg/_package_EndEffectorState.lisp, /home/fei/baxter_ros_ws/devel/share/common-lisp/ros/baxter_core_msgs/msg/_package_EndEffectorState.lisp)
Linked: (/home/fei/baxter_ros_ws/devel/.private/baxter_core_msgs/share/common-lisp/ros/baxter_core_msgs/msg/EndEffectorState.lisp, /home/fei/baxter_ros_ws/devel/share/common-lisp/ros/baxter_core_msgs/msg/EndEffectorState.lisp)
Linked: (/home/fei/baxter_ros_ws/devel/.private/baxter_core_msgs/share/common-lisp/ros/baxter_core_msgs/msg/CollisionAvoidanceState.lisp, /home/fei/baxter_ros_ws/devel/share/common-lisp/ros/baxter_core_msgs/msg/CollisionAvoidanceState.lisp)
Linked: (/home/fei/baxter_ros_ws/devel/.private/baxter_core_msgs/share/common-lisp/ros/baxter_core_msgs/msg/_package_AssemblyState.lisp, /home/fei/baxter_ros_ws/devel/share/common-lisp/ros/baxter_core_msgs/msg/_package_AssemblyState.lisp)
Linked: (/home/fei/baxter_ros_ws/devel/.private/baxter_core_msgs/share/common-lisp/ros/baxter_core_msgs/msg/_package_EndpointStates.lisp, /home/fei/baxter_ros_ws/devel/share/common-lisp/ros/baxter_core_msgs/msg/_package_EndpointStates.lisp)
Linked: (/home/fei/baxter_ros_ws/devel/.private/baxter_core_msgs/share/common-lisp/ros/baxter_core_msgs/msg/_package_EndEffectorProperties.lisp, /home/fei/baxter_ros_ws/devel/share/common-lisp/ros/baxter_core_msgs/msg/_package_EndEffectorProperties.lisp)
Linked: (/home/fei/baxter_ros_ws/devel/.private/baxter_core_msgs/share/common-lisp/ros/baxter_core_msgs/msg/AnalogIOState.lisp, /home/fei/baxter_ros_ws/devel/share/common-lisp/ros/baxter_core_msgs/msg/AnalogIOState.lisp)
Linked: (/home/fei/baxter_ros_ws/devel/.private/baxter_core_msgs/share/common-lisp/ros/baxter_core_msgs/msg/_package_JointCommand.lisp, /home/fei/baxter_ros_ws/devel/share/common-lisp/ros/baxter_core_msgs/msg/_package_JointCommand.lisp)
Linked: (/home/fei/baxter_ros_ws/devel/.private/baxter_core_msgs/share/common-lisp/ros/baxter_core_msgs/msg/SEAJointState.lisp, /home/fei/baxter_ros_ws/devel/share/common-lisp/ros/baxter_core_msgs/msg/SEAJointState.lisp)
Linked: (/home/fei/baxter_ros_ws/devel/.private/baxter_core_msgs/share/common-lisp/ros/baxter_core_msgs/msg/AssemblyState.lisp, /home/fei/baxter_ros_ws/devel/share/common-lisp/ros/baxter_core_msgs/msg/AssemblyState.lisp)
Linked: (/home/fei/baxter_ros_ws/devel/.private/baxter_core_msgs/share/common-lisp/ros/baxter_core_msgs/msg/EndpointStates.lisp, /home/fei/baxter_ros_ws/devel/share/common-lisp/ros/baxter_core_msgs/msg/EndpointStates.lisp)
Linked: (/home/fei/baxter_ros_ws/devel/.private/baxter_core_msgs/share/common-lisp/ros/baxter_core_msgs/msg/_package_DigitalIOStates.lisp, /home/fei/baxter_ros_ws/devel/share/common-lisp/ros/baxter_core_msgs/msg/_package_DigitalIOStates.lisp)
Linked: (/home/fei/baxter_ros_ws/devel/.private/baxter_core_msgs/share/common-lisp/ros/baxter_core_msgs/msg/_package_NavigatorState.lisp, /home/fei/baxter_ros_ws/devel/share/common-lisp/ros/baxter_core_msgs/msg/_package_NavigatorState.lisp)
Linked: (/home/fei/baxter_ros_ws/devel/.private/baxter_core_msgs/share/common-lisp/ros/baxter_core_msgs/msg/CollisionDetectionState.lisp, /home/fei/baxter_ros_ws/devel/share/common-lisp/ros/baxter_core_msgs/msg/CollisionDetectionState.lisp)
Linked: (/home/fei/baxter_ros_ws/devel/.private/baxter_core_msgs/share/common-lisp/ros/baxter_core_msgs/msg/AnalogOutputCommand.lisp, /home/fei/baxter_ros_ws/devel/share/common-lisp/ros/baxter_core_msgs/msg/AnalogOutputCommand.lisp)
Linked: (/home/fei/baxter_ros_ws/devel/.private/baxter_core_msgs/share/common-lisp/ros/baxter_core_msgs/msg/DigitalOutputCommand.lisp, /home/fei/baxter_ros_ws/devel/share/common-lisp/ros/baxter_core_msgs/msg/DigitalOutputCommand.lisp)
Linked: (/home/fei/baxter_ros_ws/devel/.private/baxter_core_msgs/share/common-lisp/ros/baxter_core_msgs/msg/JointCommand.lisp, /home/fei/baxter_ros_ws/devel/share/common-lisp/ros/baxter_core_msgs/msg/JointCommand.lisp)
Linked: (/home/fei/baxter_ros_ws/devel/.private/baxter_core_msgs/share/common-lisp/ros/baxter_core_msgs/msg/RobustControllerStatus.lisp, /home/fei/baxter_ros_ws/devel/share/common-lisp/ros/baxter_core_msgs/msg/RobustControllerStatus.lisp)
Linked: (/home/fei/baxter_ros_ws/devel/.private/baxter_core_msgs/share/common-lisp/ros/baxter_core_msgs/msg/_package_CameraControl.lisp, /home/fei/baxter_ros_ws/devel/share/common-lisp/ros/baxter_core_msgs/msg/_package_CameraControl.lisp)
Linked: (/home/fei/baxter_ros_ws/devel/.private/baxter_core_msgs/share/common-lisp/ros/baxter_core_msgs/msg/NavigatorState.lisp, /home/fei/baxter_ros_ws/devel/share/common-lisp/ros/baxter_core_msgs/msg/NavigatorState.lisp)
Linked: (/home/fei/baxter_ros_ws/devel/.private/baxter_core_msgs/share/common-lisp/ros/baxter_core_msgs/msg/NavigatorStates.lisp, /home/fei/baxter_ros_ws/devel/share/common-lisp/ros/baxter_core_msgs/msg/NavigatorStates.lisp)
Linked: (/home/fei/baxter_ros_ws/devel/.private/baxter_core_msgs/share/common-lisp/ros/baxter_core_msgs/msg/DigitalIOStates.lisp, /home/fei/baxter_ros_ws/devel/share/common-lisp/ros/baxter_core_msgs/msg/DigitalIOStates.lisp)
Linked: (/home/fei/baxter_ros_ws/devel/.private/baxter_core_msgs/share/common-lisp/ros/baxter_core_msgs/msg/_package_DigitalOutputCommand.lisp, /home/fei/baxter_ros_ws/devel/share/common-lisp/ros/baxter_core_msgs/msg/_package_DigitalOutputCommand.lisp)
Linked: (/home/fei/baxter_ros_ws/devel/.private/baxter_core_msgs/share/common-lisp/ros/baxter_core_msgs/msg/AssemblyStates.lisp, /home/fei/baxter_ros_ws/devel/share/common-lisp/ros/baxter_core_msgs/msg/AssemblyStates.lisp)
Linked: (/home/fei/baxter_ros_ws/devel/.private/baxter_core_msgs/share/common-lisp/ros/baxter_core_msgs/msg/URDFConfiguration.lisp, /home/fei/baxter_ros_ws/devel/share/common-lisp/ros/baxter_core_msgs/msg/URDFConfiguration.lisp)
Linked: (/home/fei/baxter_ros_ws/devel/.private/baxter_core_msgs/share/common-lisp/ros/baxter_core_msgs/msg/EndEffectorProperties.lisp, /home/fei/baxter_ros_ws/devel/share/common-lisp/ros/baxter_core_msgs/msg/EndEffectorProperties.lisp)
Linked: (/home/fei/baxter_ros_ws/devel/.private/baxter_core_msgs/share/common-lisp/ros/baxter_core_msgs/msg/_package_EndEffectorCommand.lisp, /home/fei/baxter_ros_ws/devel/share/common-lisp/ros/baxter_core_msgs/msg/_package_EndEffectorCommand.lisp)
Linked: (/home/fei/baxter_ros_ws/devel/.private/baxter_core_msgs/share/common-lisp/ros/baxter_core_msgs/msg/_package_HeadState.lisp, /home/fei/baxter_ros_ws/devel/share/common-lisp/ros/baxter_core_msgs/msg/_package_HeadState.lisp)
Linked: (/home/fei/baxter_ros_ws/devel/.private/baxter_core_msgs/share/common-lisp/ros/baxter_core_msgs/msg/_package_AnalogOutputCommand.lisp, /home/fei/baxter_ros_ws/devel/share/common-lisp/ros/baxter_core_msgs/msg/_package_AnalogOutputCommand.lisp)
Linked: (/home/fei/baxter_ros_ws/devel/.private/baxter_core_msgs/share/common-lisp/ros/baxter_core_msgs/msg/_package_AnalogIOState.lisp, /home/fei/baxter_ros_ws/devel/share/common-lisp/ros/baxter_core_msgs/msg/_package_AnalogIOState.lisp)
Linked: (/home/fei/baxter_ros_ws/devel/.private/baxter_core_msgs/share/common-lisp/ros/baxter_core_msgs/msg/_package_HeadPanCommand.lisp, /home/fei/baxter_ros_ws/devel/share/common-lisp/ros/baxter_core_msgs/msg/_package_HeadPanCommand.lisp)
Linked: (/home/fei/baxter_ros_ws/devel/.private/baxter_core_msgs/share/common-lisp/ros/baxter_core_msgs/msg/_package_CollisionDetectionState.lisp, /home/fei/baxter_ros_ws/devel/share/common-lisp/ros/baxter_core_msgs/msg/_package_CollisionDetectionState.lisp)
Linked: (/home/fei/baxter_ros_ws/devel/.private/baxter_core_msgs/share/common-lisp/ros/baxter_core_msgs/msg/CameraControl.lisp, /home/fei/baxter_ros_ws/devel/share/common-lisp/ros/baxter_core_msgs/msg/CameraControl.lisp)
Linked: (/home/fei/baxter_ros_ws/devel/.private/baxter_core_msgs/share/common-lisp/ros/baxter_core_msgs/msg/DigitalIOState.lisp, /home/fei/baxter_ros_ws/devel/share/common-lisp/ros/baxter_core_msgs/msg/DigitalIOState.lisp)
Linked: (/home/fei/baxter_ros_ws/devel/.private/baxter_core_msgs/share/common-lisp/ros/baxter_core_msgs/msg/_package_AnalogIOStates.lisp, /home/fei/baxter_ros_ws/devel/share/common-lisp/ros/baxter_core_msgs/msg/_package_AnalogIOStates.lisp)
Linked: (/home/fei/baxter_ros_ws/devel/.private/baxter_core_msgs/share/common-lisp/ros/baxter_core_msgs/srv/_package_SolvePositionIK.lisp, /home/fei/baxter_ros_ws/devel/share/common-lisp/ros/baxter_core_msgs/srv/_package_SolvePositionIK.lisp)
Linked: (/home/fei/baxter_ros_ws/devel/.private/baxter_core_msgs/share/common-lisp/ros/baxter_core_msgs/srv/CloseCamera.lisp, /home/fei/baxter_ros_ws/devel/share/common-lisp/ros/baxter_core_msgs/srv/CloseCamera.lisp)
Linked: (/home/fei/baxter_ros_ws/devel/.private/baxter_core_msgs/share/common-lisp/ros/baxter_core_msgs/srv/_package_CloseCamera.lisp, /home/fei/baxter_ros_ws/devel/share/common-lisp/ros/baxter_core_msgs/srv/_package_CloseCamera.lisp)
Linked: (/home/fei/baxter_ros_ws/devel/.private/baxter_core_msgs/share/common-lisp/ros/baxter_core_msgs/srv/_package_OpenCamera.lisp, /home/fei/baxter_ros_ws/devel/share/common-lisp/ros/baxter_core_msgs/srv/_package_OpenCamera.lisp)
Linked: (/home/fei/baxter_ros_ws/devel/.private/baxter_core_msgs/share/common-lisp/ros/baxter_core_msgs/srv/_package.lisp, /home/fei/baxter_ros_ws/devel/share/common-lisp/ros/baxter_core_msgs/srv/_package.lisp)
Linked: (/home/fei/baxter_ros_ws/devel/.private/baxter_core_msgs/share/common-lisp/ros/baxter_core_msgs/srv/OpenCamera.lisp, /home/fei/baxter_ros_ws/devel/share/common-lisp/ros/baxter_core_msgs/srv/OpenCamera.lisp)
Linked: (/home/fei/baxter_ros_ws/devel/.private/baxter_core_msgs/share/common-lisp/ros/baxter_core_msgs/srv/_package_ListCameras.lisp, /home/fei/baxter_ros_ws/devel/share/common-lisp/ros/baxter_core_msgs/srv/_package_ListCameras.lisp)
Linked: (/home/fei/baxter_ros_ws/devel/.private/baxter_core_msgs/share/common-lisp/ros/baxter_core_msgs/srv/baxter_core_msgs-srv.asd, /home/fei/baxter_ros_ws/devel/share/common-lisp/ros/baxter_core_msgs/srv/baxter_core_msgs-srv.asd)
Linked: (/home/fei/baxter_ros_ws/devel/.private/baxter_core_msgs/share/common-lisp/ros/baxter_core_msgs/srv/SolvePositionIK.lisp, /home/fei/baxter_ros_ws/devel/share/common-lisp/ros/baxter_core_msgs/srv/SolvePositionIK.lisp)
Linked: (/home/fei/baxter_ros_ws/devel/.private/baxter_core_msgs/share/common-lisp/ros/baxter_core_msgs/srv/ListCameras.lisp, /home/fei/baxter_ros_ws/devel/share/common-lisp/ros/baxter_core_msgs/srv/ListCameras.lisp)
Linked: (/home/fei/baxter_ros_ws/devel/.private/baxter_core_msgs/share/roseus/ros/baxter_core_msgs/manifest.l, /home/fei/baxter_ros_ws/devel/share/roseus/ros/baxter_core_msgs/manifest.l)
Linked: (/home/fei/baxter_ros_ws/devel/.private/baxter_core_msgs/share/roseus/ros/baxter_core_msgs/msg/EndEffectorState.l, /home/fei/baxter_ros_ws/devel/share/roseus/ros/baxter_core_msgs/msg/EndEffectorState.l)
Linked: (/home/fei/baxter_ros_ws/devel/.private/baxter_core_msgs/share/roseus/ros/baxter_core_msgs/msg/CollisionDetectionState.l, /home/fei/baxter_ros_ws/devel/share/roseus/ros/baxter_core_msgs/msg/CollisionDetectionState.l)
Linked: (/home/fei/baxter_ros_ws/devel/.private/baxter_core_msgs/share/roseus/ros/baxter_core_msgs/msg/AnalogOutputCommand.l, /home/fei/baxter_ros_ws/devel/share/roseus/ros/baxter_core_msgs/msg/AnalogOutputCommand.l)
Linked: (/home/fei/baxter_ros_ws/devel/.private/baxter_core_msgs/share/roseus/ros/baxter_core_msgs/msg/DigitalIOState.l, /home/fei/baxter_ros_ws/devel/share/roseus/ros/baxter_core_msgs/msg/DigitalIOState.l)
Linked: (/home/fei/baxter_ros_ws/devel/.private/baxter_core_msgs/share/roseus/ros/baxter_core_msgs/msg/URDFConfiguration.l, /home/fei/baxter_ros_ws/devel/share/roseus/ros/baxter_core_msgs/msg/URDFConfiguration.l)
Linked: (/home/fei/baxter_ros_ws/devel/.private/baxter_core_msgs/share/roseus/ros/baxter_core_msgs/msg/AnalogIOState.l, /home/fei/baxter_ros_ws/devel/share/roseus/ros/baxter_core_msgs/msg/AnalogIOState.l)
Linked: (/home/fei/baxter_ros_ws/devel/.private/baxter_core_msgs/share/roseus/ros/baxter_core_msgs/msg/AssemblyState.l, /home/fei/baxter_ros_ws/devel/share/roseus/ros/baxter_core_msgs/msg/AssemblyState.l)
Linked: (/home/fei/baxter_ros_ws/devel/.private/baxter_core_msgs/share/roseus/ros/baxter_core_msgs/msg/EndEffectorProperties.l, /home/fei/baxter_ros_ws/devel/share/roseus/ros/baxter_core_msgs/msg/EndEffectorProperties.l)
Linked: (/home/fei/baxter_ros_ws/devel/.private/baxter_core_msgs/share/roseus/ros/baxter_core_msgs/msg/EndpointState.l, /home/fei/baxter_ros_ws/devel/share/roseus/ros/baxter_core_msgs/msg/EndpointState.l)
Linked: (/home/fei/baxter_ros_ws/devel/.private/baxter_core_msgs/share/roseus/ros/baxter_core_msgs/msg/AnalogIOStates.l, /home/fei/baxter_ros_ws/devel/share/roseus/ros/baxter_core_msgs/msg/AnalogIOStates.l)
Linked: (/home/fei/baxter_ros_ws/devel/.private/baxter_core_msgs/share/roseus/ros/baxter_core_msgs/msg/DigitalOutputCommand.l, /home/fei/baxter_ros_ws/devel/share/roseus/ros/baxter_core_msgs/msg/DigitalOutputCommand.l)
Linked: (/home/fei/baxter_ros_ws/devel/.private/baxter_core_msgs/share/roseus/ros/baxter_core_msgs/msg/HeadState.l, /home/fei/baxter_ros_ws/devel/share/roseus/ros/baxter_core_msgs/msg/HeadState.l)
Linked: (/home/fei/baxter_ros_ws/devel/.private/baxter_core_msgs/share/roseus/ros/baxter_core_msgs/msg/DigitalIOStates.l, /home/fei/baxter_ros_ws/devel/share/roseus/ros/baxter_core_msgs/msg/DigitalIOStates.l)
Linked: (/home/fei/baxter_ros_ws/devel/.private/baxter_core_msgs/share/roseus/ros/baxter_core_msgs/msg/CameraSettings.l, /home/fei/baxter_ros_ws/devel/share/roseus/ros/baxter_core_msgs/msg/CameraSettings.l)
Linked: (/home/fei/baxter_ros_ws/devel/.private/baxter_core_msgs/share/roseus/ros/baxter_core_msgs/msg/RobustControllerStatus.l, /home/fei/baxter_ros_ws/devel/share/roseus/ros/baxter_core_msgs/msg/RobustControllerStatus.l)
Linked: (/home/fei/baxter_ros_ws/devel/.private/baxter_core_msgs/share/roseus/ros/baxter_core_msgs/msg/HeadPanCommand.l, /home/fei/baxter_ros_ws/devel/share/roseus/ros/baxter_core_msgs/msg/HeadPanCommand.l)
Linked: (/home/fei/baxter_ros_ws/devel/.private/baxter_core_msgs/share/roseus/ros/baxter_core_msgs/msg/SEAJointState.l, /home/fei/baxter_ros_ws/devel/share/roseus/ros/baxter_core_msgs/msg/SEAJointState.l)
Linked: (/home/fei/baxter_ros_ws/devel/.private/baxter_core_msgs/share/roseus/ros/baxter_core_msgs/msg/CameraControl.l, /home/fei/baxter_ros_ws/devel/share/roseus/ros/baxter_core_msgs/msg/CameraControl.l)
Linked: (/home/fei/baxter_ros_ws/devel/.private/baxter_core_msgs/share/roseus/ros/baxter_core_msgs/msg/AssemblyStates.l, /home/fei/baxter_ros_ws/devel/share/roseus/ros/baxter_core_msgs/msg/AssemblyStates.l)
Linked: (/home/fei/baxter_ros_ws/devel/.private/baxter_core_msgs/share/roseus/ros/baxter_core_msgs/msg/CollisionAvoidanceState.l, /home/fei/baxter_ros_ws/devel/share/roseus/ros/baxter_core_msgs/msg/CollisionAvoidanceState.l)
Linked: (/home/fei/baxter_ros_ws/devel/.private/baxter_core_msgs/share/roseus/ros/baxter_core_msgs/msg/EndpointStates.l, /home/fei/baxter_ros_ws/devel/share/roseus/ros/baxter_core_msgs/msg/EndpointStates.l)
Linked: (/home/fei/baxter_ros_ws/devel/.private/baxter_core_msgs/share/roseus/ros/baxter_core_msgs/msg/NavigatorStates.l, /home/fei/baxter_ros_ws/devel/share/roseus/ros/baxter_core_msgs/msg/NavigatorStates.l)
Linked: (/home/fei/baxter_ros_ws/devel/.private/baxter_core_msgs/share/roseus/ros/baxter_core_msgs/msg/JointCommand.l, /home/fei/baxter_ros_ws/devel/share/roseus/ros/baxter_core_msgs/msg/JointCommand.l)
Linked: (/home/fei/baxter_ros_ws/devel/.private/baxter_core_msgs/share/roseus/ros/baxter_core_msgs/msg/EndEffectorCommand.l, /home/fei/baxter_ros_ws/devel/share/roseus/ros/baxter_core_msgs/msg/EndEffectorCommand.l)
Linked: (/home/fei/baxter_ros_ws/devel/.private/baxter_core_msgs/share/roseus/ros/baxter_core_msgs/msg/NavigatorState.l, /home/fei/baxter_ros_ws/devel/share/roseus/ros/baxter_core_msgs/msg/NavigatorState.l)
Linked: (/home/fei/baxter_ros_ws/devel/.private/baxter_core_msgs/share/roseus/ros/baxter_core_msgs/srv/SolvePositionIK.l, /home/fei/baxter_ros_ws/devel/share/roseus/ros/baxter_core_msgs/srv/SolvePositionIK.l)
Linked: (/home/fei/baxter_ros_ws/devel/.private/baxter_core_msgs/share/roseus/ros/baxter_core_msgs/srv/OpenCamera.l, /home/fei/baxter_ros_ws/devel/share/roseus/ros/baxter_core_msgs/srv/OpenCamera.l)
Linked: (/home/fei/baxter_ros_ws/devel/.private/baxter_core_msgs/share/roseus/ros/baxter_core_msgs/srv/ListCameras.l, /home/fei/baxter_ros_ws/devel/share/roseus/ros/baxter_core_msgs/srv/ListCameras.l)
Linked: (/home/fei/baxter_ros_ws/devel/.private/baxter_core_msgs/share/roseus/ros/baxter_core_msgs/srv/CloseCamera.l, /home/fei/baxter_ros_ws/devel/share/roseus/ros/baxter_core_msgs/srv/CloseCamera.l)
Linked: (/home/fei/baxter_ros_ws/devel/.private/baxter_core_msgs/share/gennodejs/ros/baxter_core_msgs/_index.js, /home/fei/baxter_ros_ws/devel/share/gennodejs/ros/baxter_core_msgs/_index.js)
Linked: (/home/fei/baxter_ros_ws/devel/.private/baxter_core_msgs/share/gennodejs/ros/baxter_core_msgs/msg/EndpointState.js, /home/fei/baxter_ros_ws/devel/share/gennodejs/ros/baxter_core_msgs/msg/EndpointState.js)
Linked: (/home/fei/baxter_ros_ws/devel/.private/baxter_core_msgs/share/gennodejs/ros/baxter_core_msgs/msg/AnalogIOStates.js, /home/fei/baxter_ros_ws/devel/share/gennodejs/ros/baxter_core_msgs/msg/AnalogIOStates.js)
Linked: (/home/fei/baxter_ros_ws/devel/.private/baxter_core_msgs/share/gennodejs/ros/baxter_core_msgs/msg/NavigatorStates.js, /home/fei/baxter_ros_ws/devel/share/gennodejs/ros/baxter_core_msgs/msg/NavigatorStates.js)
Linked: (/home/fei/baxter_ros_ws/devel/.private/baxter_core_msgs/share/gennodejs/ros/baxter_core_msgs/msg/AssemblyStates.js, /home/fei/baxter_ros_ws/devel/share/gennodejs/ros/baxter_core_msgs/msg/AssemblyStates.js)
Linked: (/home/fei/baxter_ros_ws/devel/.private/baxter_core_msgs/share/gennodejs/ros/baxter_core_msgs/msg/AnalogOutputCommand.js, /home/fei/baxter_ros_ws/devel/share/gennodejs/ros/baxter_core_msgs/msg/AnalogOutputCommand.js)
Linked: (/home/fei/baxter_ros_ws/devel/.private/baxter_core_msgs/share/gennodejs/ros/baxter_core_msgs/msg/AssemblyState.js, /home/fei/baxter_ros_ws/devel/share/gennodejs/ros/baxter_core_msgs/msg/AssemblyState.js)
Linked: (/home/fei/baxter_ros_ws/devel/.private/baxter_core_msgs/share/gennodejs/ros/baxter_core_msgs/msg/RobustControllerStatus.js, /home/fei/baxter_ros_ws/devel/share/gennodejs/ros/baxter_core_msgs/msg/RobustControllerStatus.js)
Linked: (/home/fei/baxter_ros_ws/devel/.private/baxter_core_msgs/share/gennodejs/ros/baxter_core_msgs/msg/DigitalOutputCommand.js, /home/fei/baxter_ros_ws/devel/share/gennodejs/ros/baxter_core_msgs/msg/DigitalOutputCommand.js)
Linked: (/home/fei/baxter_ros_ws/devel/.private/baxter_core_msgs/share/gennodejs/ros/baxter_core_msgs/msg/EndpointStates.js, /home/fei/baxter_ros_ws/devel/share/gennodejs/ros/baxter_core_msgs/msg/EndpointStates.js)
Linked: (/home/fei/baxter_ros_ws/devel/.private/baxter_core_msgs/share/gennodejs/ros/baxter_core_msgs/msg/CollisionAvoidanceState.js, /home/fei/baxter_ros_ws/devel/share/gennodejs/ros/baxter_core_msgs/msg/CollisionAvoidanceState.js)
Linked: (/home/fei/baxter_ros_ws/devel/.private/baxter_core_msgs/share/gennodejs/ros/baxter_core_msgs/msg/EndEffectorCommand.js, /home/fei/baxter_ros_ws/devel/share/gennodejs/ros/baxter_core_msgs/msg/EndEffectorCommand.js)
Linked: (/home/fei/baxter_ros_ws/devel/.private/baxter_core_msgs/share/gennodejs/ros/baxter_core_msgs/msg/EndEffectorProperties.js, /home/fei/baxter_ros_ws/devel/share/gennodejs/ros/baxter_core_msgs/msg/EndEffectorProperties.js)
Linked: (/home/fei/baxter_ros_ws/devel/.private/baxter_core_msgs/share/gennodejs/ros/baxter_core_msgs/msg/SEAJointState.js, /home/fei/baxter_ros_ws/devel/share/gennodejs/ros/baxter_core_msgs/msg/SEAJointState.js)
Linked: (/home/fei/baxter_ros_ws/devel/.private/baxter_core_msgs/share/gennodejs/ros/baxter_core_msgs/msg/EndEffectorState.js, /home/fei/baxter_ros_ws/devel/share/gennodejs/ros/baxter_core_msgs/msg/EndEffectorState.js)
Linked: (/home/fei/baxter_ros_ws/devel/.private/baxter_core_msgs/share/gennodejs/ros/baxter_core_msgs/msg/DigitalIOState.js, /home/fei/baxter_ros_ws/devel/share/gennodejs/ros/baxter_core_msgs/msg/DigitalIOState.js)
Linked: (/home/fei/baxter_ros_ws/devel/.private/baxter_core_msgs/share/gennodejs/ros/baxter_core_msgs/msg/CameraControl.js, /home/fei/baxter_ros_ws/devel/share/gennodejs/ros/baxter_core_msgs/msg/CameraControl.js)
Linked: (/home/fei/baxter_ros_ws/devel/.private/baxter_core_msgs/share/gennodejs/ros/baxter_core_msgs/msg/URDFConfiguration.js, /home/fei/baxter_ros_ws/devel/share/gennodejs/ros/baxter_core_msgs/msg/URDFConfiguration.js)
Linked: (/home/fei/baxter_ros_ws/devel/.private/baxter_core_msgs/share/gennodejs/ros/baxter_core_msgs/msg/HeadPanCommand.js, /home/fei/baxter_ros_ws/devel/share/gennodejs/ros/baxter_core_msgs/msg/HeadPanCommand.js)
Linked: (/home/fei/baxter_ros_ws/devel/.private/baxter_core_msgs/share/gennodejs/ros/baxter_core_msgs/msg/JointCommand.js, /home/fei/baxter_ros_ws/devel/share/gennodejs/ros/baxter_core_msgs/msg/JointCommand.js)
Linked: (/home/fei/baxter_ros_ws/devel/.private/baxter_core_msgs/share/gennodejs/ros/baxter_core_msgs/msg/CameraSettings.js, /home/fei/baxter_ros_ws/devel/share/gennodejs/ros/baxter_core_msgs/msg/CameraSettings.js)
Linked: (/home/fei/baxter_ros_ws/devel/.private/baxter_core_msgs/share/gennodejs/ros/baxter_core_msgs/msg/NavigatorState.js, /home/fei/baxter_ros_ws/devel/share/gennodejs/ros/baxter_core_msgs/msg/NavigatorState.js)
Linked: (/home/fei/baxter_ros_ws/devel/.private/baxter_core_msgs/share/gennodejs/ros/baxter_core_msgs/msg/_index.js, /home/fei/baxter_ros_ws/devel/share/gennodejs/ros/baxter_core_msgs/msg/_index.js)
Linked: (/home/fei/baxter_ros_ws/devel/.private/baxter_core_msgs/share/gennodejs/ros/baxter_core_msgs/msg/HeadState.js, /home/fei/baxter_ros_ws/devel/share/gennodejs/ros/baxter_core_msgs/msg/HeadState.js)
Linked: (/home/fei/baxter_ros_ws/devel/.private/baxter_core_msgs/share/gennodejs/ros/baxter_core_msgs/msg/CollisionDetectionState.js, /home/fei/baxter_ros_ws/devel/share/gennodejs/ros/baxter_core_msgs/msg/CollisionDetectionState.js)
Linked: (/home/fei/baxter_ros_ws/devel/.private/baxter_core_msgs/share/gennodejs/ros/baxter_core_msgs/msg/DigitalIOStates.js, /home/fei/baxter_ros_ws/devel/share/gennodejs/ros/baxter_core_msgs/msg/DigitalIOStates.js)
Linked: (/home/fei/baxter_ros_ws/devel/.private/baxter_core_msgs/share/gennodejs/ros/baxter_core_msgs/msg/AnalogIOState.js, /home/fei/baxter_ros_ws/devel/share/gennodejs/ros/baxter_core_msgs/msg/AnalogIOState.js)
Linked: (/home/fei/baxter_ros_ws/devel/.private/baxter_core_msgs/share/gennodejs/ros/baxter_core_msgs/srv/CloseCamera.js, /home/fei/baxter_ros_ws/devel/share/gennodejs/ros/baxter_core_msgs/srv/CloseCamera.js)
Linked: (/home/fei/baxter_ros_ws/devel/.private/baxter_core_msgs/share/gennodejs/ros/baxter_core_msgs/srv/SolvePositionIK.js, /home/fei/baxter_ros_ws/devel/share/gennodejs/ros/baxter_core_msgs/srv/SolvePositionIK.js)
Linked: (/home/fei/baxter_ros_ws/devel/.private/baxter_core_msgs/share/gennodejs/ros/baxter_core_msgs/srv/OpenCamera.js, /home/fei/baxter_ros_ws/devel/share/gennodejs/ros/baxter_core_msgs/srv/OpenCamera.js)
Linked: (/home/fei/baxter_ros_ws/devel/.private/baxter_core_msgs/share/gennodejs/ros/baxter_core_msgs/srv/ListCameras.js, /home/fei/baxter_ros_ws/devel/share/gennodejs/ros/baxter_core_msgs/srv/ListCameras.js)
Linked: (/home/fei/baxter_ros_ws/devel/.private/baxter_core_msgs/share/gennodejs/ros/baxter_core_msgs/srv/_index.js, /home/fei/baxter_ros_ws/devel/share/gennodejs/ros/baxter_core_msgs/srv/_index.js)
Linked: (/home/fei/baxter_ros_ws/devel/.private/baxter_core_msgs/share/baxter_core_msgs/cmake/baxter_core_msgs-msg-paths.cmake, /home/fei/baxter_ros_ws/devel/share/baxter_core_msgs/cmake/baxter_core_msgs-msg-paths.cmake)
Linked: (/home/fei/baxter_ros_ws/devel/.private/baxter_core_msgs/share/baxter_core_msgs/cmake/baxter_core_msgsConfig-version.cmake, /home/fei/baxter_ros_ws/devel/share/baxter_core_msgs/cmake/baxter_core_msgsConfig-version.cmake)
Linked: (/home/fei/baxter_ros_ws/devel/.private/baxter_core_msgs/share/baxter_core_msgs/cmake/baxter_core_msgsConfig.cmake, /home/fei/baxter_ros_ws/devel/share/baxter_core_msgs/cmake/baxter_core_msgsConfig.cmake)
Linked: (/home/fei/baxter_ros_ws/devel/.private/baxter_core_msgs/share/baxter_core_msgs/cmake/baxter_core_msgs-msg-extras.cmake, /home/fei/baxter_ros_ws/devel/share/baxter_core_msgs/cmake/baxter_core_msgs-msg-extras.cmake)
